Case #1: [E, A]
Case #2: [R, I, R]
Case #3: [F, D, T]
Case #4: [Z, E, R, A]
Case #5: []
Case #6: [X, A, T, C, T, G]
Case #7: [H, Y, Q, S, Q, S, C, U, K]
Case #8: [B, X, K, Q, U, A, R, S, G, H, R, Z, V, J, D, Q, L, G, K, X, O, L, J, U, C, O, X, R, G, J, I, H, T, A, H, D, I, N, E, H, R, U, L, Y, G, M, E, O, G, Q]
Case #9: [A, Z, G, P, K, Y, U, Y, X, P, D, B, A, O, H, C]
Case #10: [E, M, C, Z, M, K, K, X]
Case #11: [F]
Case #12: [W, N, L, A, U, U, L, G, W, B, H, P, F, Z, J, L]
Case #13: [E, D]
Case #14: [B, E, U, O, T, E, O, D, R, I, N, K, Y, O, U, R, O, V, K, F, T, I, N, E]
Case #15: [U, E]
Case #16: [W, H, I, C, H, S, E, A, T, S, H, O, U, L, D, I, T, A, A, A, A, A, A, A, A, A, A, A, A, A, A, A, A, A, A, A, A, A, A, A, A, A, A, A, A, A, A, A, A, A, A, A, A, A, A, A, A, A, A, A, A, A, A, K, E]
Case #17: [Y, A, T, M, K, Y, E, U, L, C]
Case #18: [Q, F, O, C, W, H, J, B]
Case #19: [Z, M, X, G, E]
Case #20: []
Case #21: [S, T, I, Z, J, O, H, K, A, N, M, N, R, K, R, K, G, T, U, J, S, X, Z, P, L, R, K]
Case #22: [X, T, X, V]
Case #23: [J, J, R, M]
Case #24: [B, G, P, Z, C, Q, O, C, D, X, D, M, U, X, F, D, V]
Case #25: [A]
Case #26: [K, N, T, Y, S, H]
Case #27: [N, A, N, A, N, A, N, A, N, A, N, A, N, A, N, A, N, A, N, A, N, A, N, A, N, A, N, A, N, A, N, A, N, A, N, A, N, A, N, A, B, A, T, M, A, N]
Case #28: [I, O, A]
Case #29: [F, Y, B, E, H, N, K]
Case #30: [Z, Z, Z, Z, Z]
Case #31: [J, E, N, B, D, Z, R, F, V, Q, F, E, O, Z, B, R]
Case #32: [K]
Case #33: [W]
Case #34: [Q, A, S, D, F, A, S, D, F, A, S, D, F, W]
Case #35: [Q, Q, T, E]
Case #36: [Z, Z, Z, Z, Z, Z, Z, Z, Z, Z, Z, Z, Z, Z, Z, Z, Z, Z, Z, Z, Z, Z, Z, Z, Z, Z, Z, Z, Z, Z, Z, Z, Z, Z, Z, Z, Z, Z, Z, Z, Z, Z, Z, Z, Z, Z]
Case #37: []
Case #38: [M, W, J, O, X, V, O, Q, V, W, R, D, C, U, C, E, A]
Case #39: [W, U, Y, S, O]
Case #40: [Q, O, A, L]
Case #41: [Q, A, S, D, F, A, S, D, F, A, S, D, F, E]
Case #42: [J, N, I, M, K, D, B, R, S, M, B]
Case #43: [T, B, U, G, B, C, N, F, Q, K, S, W]
Case #44: [A, A, A, A, A, A, A, A, A, A]
Case #45: [E, D]
Case #46: [W, N, T, X, V, D]
Case #47: [Q, Q, W, E, R, G, D, F, S]
Case #48: [I, O, Z, Y]
Case #49: [S, E, C, M, H, V]
Case #50: [P, H, W, C, G, O, I, E, W, W, Z, Z]
Case #51: [V, W, O, C, U, G, L, Z, V, L, R, S, N, O, S]
Case #52: [F]
Case #53: [B, J, B, T, M, T, T, O, H, E, Z, W, E, H, B]
Case #54: [D, Q, L, L, I, U, Z, M, U]
Case #55: [R, Y, Y, L, E, M, W, I, I, H, N, K, V, L]
Case #56: [Q, M, U, B, B, Y, R, C, N, O, B, S, K, D, H, O, G, L, Z, V, K, D, C, M, C, J, A, B, J, E, T, C, U, P, P, G, H, Y, C, X, C, J, L, W, B, L, Y, C, J, S]
Case #57: []
Case #58: [W, A, S, D, F, A, S, D, F, A, S, D, F, Q]
Case #59: [D, P, J, X, V, G, T, Y]
Case #60: [A, W, A, R, E, N, E, S, S]
Case #61: [U, I, I, H, P, Y, B, B, X, P, Z, I, B, O, C, B, X, X, T, I, O, I, K, B, X, L, L, I, L, B, L, Y, L, X, I, O, I, X, H, X, Z, G, O, I, H, I, P, N]
Case #62: [U, J, B, J, M, N, A, P, Y, Y, C, L, E, A]
Case #63: [I, Q, H, V, D, D]
Case #64: [H, P, C]
Case #65: [Y, D, M, V, L, B]
Case #66: [Q]
Case #67: [A]
Case #68: []
Case #69: [R, A, A, J, G, Y, R, P, T, S]
Case #70: [A, O]
Case #71: [A, O]
Case #72: []
Case #73: [N, U, U, J, Z, C, Z, Z, B, Z, H, U, O, N, Z, M, Z, Z, Z, B, U, L, Y, M, V, O, V, H, V, N, T, T, G, O, U, N, Y, K, C, Z, V, C, C, M, C, L, Z, L, B]
Case #74: [H, N, I, I, E, V, T, S, I, H, L, D, I, M, S, A, C, R, Z, V, S, Z, T, M, A, M, T, K, X, T, I, K, V, P, R, P, K, Z, J, W, L, J, I, O, O, L, Y, X, F]
Case #75: [M, A, H, F, O]
Case #76: [A, G, C, N, U, O, Z, P, Y, D, I, M, I, H, X, C, O, I, C, V, Q, U, R, O, N]
Case #77: [M, I, C, T, L, E, R, V, L, W, V, X, J, Y, H, B, J, W, F, L, B, D, T, Q, H, D, E, C, H, B, I, P, U, F, J, I, R, I, Y, I, L, C, U, I, B, C, W, C, V, R]
Case #78: [N, V]
Case #79: [W, A, S, D, F, A, S, D, F, A, S, D, F, Q]
Case #80: [Q, A, S, D, F, A, S, D, F, A, S, D, F, E]
Case #81: [F, I]
Case #82: [D, E, A, F, D, E, A, R, S]
Case #83: [F, J, Y, L, H, T, S]
Case #84: [F, R, I, D, A, Y, F, R, I, D, A, Y, G, O, T, T, A, G, E, T, D, O, W, N, O, N, F, R, I, D, A, Y]
Case #85: [Q, A, S, D, F, A, S, D, F, A, S, D, F, W]
Case #86: [S, Q]
Case #87: [M, E, D, L]
Case #88: [J, O, E, G, Q, T]
Case #89: []
Case #90: [Q]
Case #91: [O, A, G, F, M, L, J, B, Q, K, U, F, B, H, V, V, F, M, S, Z, L]
Case #92: [L, V, L, G, W, Z]
Case #93: [M, S]
Case #94: [M, P, B, I, J, X, B]
Case #95: [T, H, E, C, A, K, E, I, S, A, L, I, E]
Case #96: [D, R, P, P, S]
Case #97: []
Case #98: [P, R, K, R, T, H, O, X, Z, U, P, H, R, X, V, L, R, O, N]
Case #99: [I]
Case #100: [K, K, W, V, Z, E, U, Y, F, T, O, I]
