Case #1: [E, A]
Case #2: [R, I, R]
Case #3: [F, D, T]
Case #4: [Z, E, R, A]
Case #5: []
Case #6: [Q, Q, W, E, R, G, D, F, S]
Case #7: [D, J, W, R, F, S, W, E, D]
Case #8: [Q, A, E, B, D, W, F, A, A]
Case #9: []
Case #10: [D, E, A, F, D, E, A, R, S]
Case #11: [Q, D, I, S, I, S, F, E]
Case #12: [W, R, F, M, M, E, Q, S]
Case #13: [W]
Case #14: [A, W, A, R, E, N, E, S, S]
Case #15: [A, D, A, E, F, E, O, D, R]
Case #16: [A, A, A, A, A, A, A, A, A, A]
Case #17: [F]
Case #18: [A]
Case #19: [S, R, F, W, N, E, W, R, A]
Case #20: [W, D, D, F, D, V, D, E, Q]
Case #21: [W, W]
Case #22: [Z, Z, Z, Z, Z]
Case #23: [F, E, R, R, R, E, A, A, G]
Case #24: [R, Q, D, R, F, S, E, C, Q]
Case #25: [F, Q, A, R, F, U, F, Q, E]
Case #26: [Q, A, D]
Case #27: [D, Q, F, S, W, H, D, D, E]
Case #28: [R, Z]
Case #29: [E]
Case #30: [E, I]
Case #31: [G, W, F, F, A, R, W, F, D]
Case #32: [J, A, E, W, Q, R]
Case #33: [A, S, L, F, L, A, F, F]
Case #34: []
Case #35: [A, D, R, Q, D, J, E, W, D]
Case #36: [D, P, A, W]
Case #37: [P, Q, D, Q, Q, E]
Case #38: [R, E, F, A, E, F]
Case #39: [E, E, O, W, F, E, F, A, E]
Case #40: [J, S, F]
Case #41: [S]
Case #42: [Q, A]
Case #43: [L, L, D, S, Q, D, A, S]
Case #44: [D, W, F, A, O, F, R, A, W]
Case #45: [A, A]
Case #46: [X]
Case #47: [S, S, W, A, G, G]
Case #48: [G, R, R, D, W, Q, F, D, R]
Case #49: [S, R, D, R, W, W, R, V, F]
Case #50: [F, R]
Case #51: [R, F, W, X, Q, Q, F, D, F]
Case #52: [R, L, E, F, D, S, F]
Case #53: [F, D, F, F, R, L, R, E, S]
Case #54: [S, Q, F, L, L, A, E, W]
Case #55: [A, K, F, E, F, K, A, E]
Case #56: [A, E, F]
Case #57: [K, D, S, K, F, D, Q, F]
Case #58: [S, R, E, D, R, F, R, D]
Case #59: [A, D]
Case #60: []
Case #61: []
Case #62: []
Case #63: [A, S, S, S, S, U, R, D, E]
Case #64: [R, F, F, A, E, E, H]
Case #65: [D, W, C, Q, C]
Case #66: [Q]
Case #67: [A, F, R, Y, S, W, R, R, F]
Case #68: [E, A, J, E, E, D, R]
Case #69: [W, Q, J, F, E, F, D, D, A]
Case #70: [W, W, L, A]
Case #71: [A, S, L, R, L, W, R, A]
Case #72: [F, E, F, W, A]
Case #73: [S, B, A, E]
Case #74: [D, R, P, P, S]
Case #75: [A, D, R]
Case #76: [L]
Case #77: [E, H, W, R, D, A, R, Q, A]
Case #78: [D, F, D, Q, K, W, S, R, W]
Case #79: [A, F, A, A, F, W, F, B, S]
Case #80: [S, Q, Y]
Case #81: [W]
Case #82: [U, U, D, S, A, F, A, S]
Case #83: [Q, E, A, U, S, Q, E, S, F]
Case #84: [S, R, W, V, A, D, F, W, W]
Case #85: [E, E, R, V, V, F, Q, A]
Case #86: [K, D, F, W, K, W, W, E]
Case #87: [A, V, D, V, Q, Q, A, W]
Case #88: [E, D]
Case #89: [S, G, S, W, W, G, G]
Case #90: [R, D, F, A]
Case #91: [Q, R, W, W, Q, P, E, E, W]
Case #92: [Q, S, S, W, F, G, F]
Case #93: [F, Q, A, D, Q, U, R, Q, Q]
Case #94: [A, D, S, S, T, S, A, W, A]
Case #95: [S, F, R, F, W, W, P, F, A]
Case #96: []
Case #97: [F, C, S, W, R, W, S, C]
Case #98: [S, F, G, E, W, E, S, E, W]
Case #99: [D, C, F, E]
Case #100: []
