Case #1:
0.500000
0.500000
0.500000
Case #2:
0.645833
0.368056
0.604167
0.395833
Case #3:
0.509975
0.592981
0.519094
0.490701
0.476006
0.500862
0.581208
0.399936
0.460181
0.488509
Case #4:
0.500000
0.500000
0.500000
0.500000
0.500000
0.500000
0.500000
0.500000
0.500000
Case #5:
0.524965
0.612118
0.543875
0.448750
0.462813
0.398750
0.473875
Case #6:
0.500000
0.500000
0.875000
0.125000
Case #7:
0.000000
0.187500
0.250000
0.500000
0.750000
0.812500
1.000000
Case #8:
0.581337
0.393750
0.548264
0.590451
0.440764
0.395486
Case #9:
0.649306
0.486111
0.597222
0.187500
0.739583
0.392361
0.501736
0.236111
0.774306
Case #10:
0.541667
0.541667
0.458333
0.458333
Case #11:
0.491048
0.546604
0.437998
0.585289
0.491048
0.406778
0.526747
0.545354
0.522522
0.460147
Case #12:
0.569444
0.541667
0.402778
0.375000
0.486111
0.625000
0.430556
0.513889
0.458333
0.597222
Case #13:
0.531667
0.468681
0.427014
0.427014
0.601667
0.597500
0.468681
Case #14:
0.125000
0.625000
0.625000
0.729167
0.458333
0.291667
0.381944
0.500000
0.895833
0.354167
Case #15:
0.625000
0.548611
0.458333
0.354167
0.510417
Case #16:
0.747917
0.519444
0.568750
0.384028
0.338542
0.503125
0.460417
0.471354
Case #17:
0.541667
0.750000
0.420486
0.250000
0.653472
0.458333
0.373727
0.592014
0.459375
0.517245
Case #18:
0.468750
0.527778
0.510417
0.604167
0.468750
0.427083
Case #19:
0.383438
0.455378
0.518087
0.447054
0.567589
0.517715
0.567088
0.424689
0.584331
0.516831
Case #20:
0.625000
0.597222
0.569444
0.541667
0.513889
0.486111
0.458333
0.430556
0.402778
0.375000
