Case #1:
0.500000
0.500000
0.500000
Case #2:
0.645833
0.368056
0.604167
0.395833
Case #3:
0.625000
0.622475
0.619949
0.617424
0.614899
0.612374
0.609848
0.607323
0.604798
0.602273
0.599747
0.597222
0.594697
0.592172
0.589646
0.587121
0.584596
0.582071
0.579545
0.577020
0.574495
0.571970
0.569444
0.566919
0.564394
0.561869
0.559343
0.556818
0.554293
0.551768
0.549242
0.546717
0.544192
0.541667
0.539141
0.536616
0.534091
0.531566
0.529040
0.526515
0.523990
0.521465
0.518939
0.516414
0.513889
0.511364
0.508838
0.506313
0.503788
0.501263
0.498737
0.496212
0.493687
0.491162
0.488636
0.486111
0.483586
0.481061
0.478535
0.476010
0.473485
0.470960
0.468434
0.465909
0.463384
0.460859
0.458333
0.455808
0.453283
0.450758
0.448232
0.445707
0.443182
0.440657
0.438131
0.435606
0.433081
0.430556
0.428030
0.425505
0.422980
0.420455
0.417929
0.415404
0.412879
0.410354
0.407828
0.405303
0.402778
0.400253
0.397727
0.395202
0.392677
0.390152
0.387626
0.385101
0.382576
0.380051
0.377525
0.375000
Case #4:
0.516343
0.429488
0.427999
0.496253
0.532747
0.549938
0.503288
0.397964
0.528214
0.476685
0.480832
0.511550
0.529430
0.471030
0.580974
0.474601
0.506091
0.528517
0.431465
0.508300
0.487165
0.506562
0.507735
0.535832
0.455427
0.565302
0.478274
0.450503
0.552801
0.542468
0.500045
0.480948
0.528320
0.468647
0.491654
0.418645
0.450442
0.534995
0.527404
0.549990
0.543303
0.474332
0.367434
0.556259
0.542706
0.502756
0.509200
0.538251
0.523798
0.477985
0.508309
0.546268
0.534513
0.551723
0.477570
0.569893
0.443168
0.467967
0.467920
0.499295
0.517378
0.457617
0.471140
0.502523
0.524598
0.512621
0.493031
Case #5:
0.397727
0.483586
0.599747
0.402778
0.503788
0.425505
0.390152
0.380051
0.455808
0.617424
0.491162
0.417929
0.420455
0.589646
0.496212
0.602273
0.559343
0.508838
0.448232
0.582071
0.488636
0.453283
0.385101
0.561869
0.415404
0.526515
0.534091
0.577020
0.592172
0.539141
0.523990
0.574495
0.551768
0.569444
0.435606
0.564394
0.458333
0.395202
0.513889
0.445707
0.473485
0.422980
0.375000
0.476010
0.625000
0.594697
0.382576
0.544192
0.579545
0.463384
0.450758
0.521465
0.405303
0.465909
0.518939
0.609848
0.529040
0.619949
0.486111
0.549242
0.387626
0.622475
0.407828
0.604798
0.481061
0.612374
0.614899
0.430556
0.400253
0.410354
0.433081
0.493687
0.587121
0.541667
0.597222
0.516414
0.468434
0.392677
0.584596
0.460859
0.428030
0.536616
0.501263
0.546717
0.438131
0.498737
0.607323
0.566919
0.554293
0.478535
0.440657
0.571970
0.412879
0.531566
0.506313
0.470960
0.511364
0.556818
0.377525
0.443182
Case #6:
0.390099
0.501382
0.473978
0.408692
0.527002
0.395739
0.461479
0.398142
0.458924
0.521769
0.466518
0.528190
0.509899
0.525444
0.548029
0.490028
0.492048
0.456079
0.545360
0.439374
0.418986
0.509506
0.520003
0.496522
0.473585
0.441284
0.496345
0.536037
0.450615
0.504286
0.542180
0.489573
0.512037
0.514960
0.536333
0.537675
0.514649
0.495577
0.549656
0.539518
0.518939
0.504388
0.416866
0.547200
0.569331
0.466391
0.501624
0.516374
0.492467
0.526638
0.542507
0.441320
0.439190
0.514061
0.528863
0.492988
0.471916
0.463960
0.488512
0.495155
0.543920
0.501197
0.532453
0.408331
0.523941
0.436975
0.505450
0.503056
0.416006
0.469897
0.594231
0.527842
0.506590
0.543412
0.504797
0.541368
0.601007
0.558892
0.536141
0.550199
0.547360
0.478288
0.420885
0.576037
0.452529
0.540467
0.548433
0.559156
0.529556
0.512461
0.555979
Case #7:
0.499548
0.480563
0.482680
0.437442
0.597935
0.438487
0.519357
0.634634
0.542694
0.430167
0.620639
0.526803
0.698744
0.498871
0.433907
0.411210
0.442819
0.459138
0.677601
0.541755
0.506128
0.441881
0.472852
0.549808
0.447260
0.550889
0.519558
0.525391
0.439970
0.471746
Case #8:
0.522239
0.417968
0.520035
0.556447
0.502121
0.489470
0.418542
0.497114
0.447187
0.484739
0.473435
0.543216
0.533547
0.444270
0.507537
0.534263
0.508615
0.420783
0.525123
0.493773
0.519182
0.392266
0.527326
0.553140
0.541346
0.530199
0.499622
0.484157
0.570437
0.445497
0.445402
0.515619
0.528496
0.586757
0.499918
0.569000
0.513101
0.499843
0.477376
Case #9:
0.481294
0.538958
0.471576
0.451288
0.463426
0.465742
0.545891
0.469894
0.466985
0.561488
0.514108
0.489290
0.529501
0.570719
0.498148
0.537804
0.544280
0.560263
0.424506
0.415349
0.417895
0.562725
0.531327
0.504883
0.411004
0.534400
0.500656
0.457904
0.535201
0.476000
0.487197
0.493556
0.538935
0.528490
0.449058
0.512876
0.491113
0.438717
0.532364
0.551575
0.517615
0.466984
0.562235
0.495700
0.540748
0.508229
0.434712
0.483809
0.455425
0.508326
0.543299
0.411585
0.553231
0.548455
0.540260
0.419744
0.511202
0.466256
0.450443
0.456443
0.539765
0.380982
0.528301
0.485251
0.533598
0.555096
0.546828
0.534687
0.561977
0.474447
0.455783
0.551179
0.534884
0.528981
0.557899
0.402502
0.493874
0.508525
0.548760
0.510235
0.529304
0.519997
0.534048
0.529120
0.468699
0.451741
0.449450
0.420363
0.519785
0.497957
0.551108
0.530159
0.487953
0.478384
0.491171
0.531583
0.542021
0.416656
0.483421
0.531376
Case #10:
0.494138
0.466117
0.412240
0.482732
0.454263
0.518108
0.568362
0.564341
0.449703
0.486521
0.427783
0.555375
0.493896
0.506073
0.503165
0.390374
0.489167
0.561516
0.579802
0.539511
0.545993
0.539091
0.555707
0.537107
0.434264
0.521057
0.479331
0.587219
0.417236
0.464613
0.481155
0.461274
0.543384
0.500333
0.454889
0.428094
0.579257
0.441024
0.537642
0.621037
0.557511
0.567330
0.415528
0.463367
0.464750
Case #11:
0.543972
0.512921
0.473766
0.461147
0.501533
0.514294
0.522150
0.504207
0.438273
0.529659
0.530666
0.541351
0.516093
0.565155
0.422948
0.527666
0.439109
0.552860
0.490581
0.523799
0.521040
0.533003
0.509939
0.379050
0.495271
0.551005
0.423445
0.537273
0.514819
0.585505
0.540987
0.511961
0.513549
0.434454
0.525498
0.532493
0.560602
0.553666
0.570464
0.507824
0.546100
0.561048
0.539413
0.425260
0.506632
0.524945
0.388219
0.469460
0.482782
0.547364
0.498413
0.511174
0.533643
0.480373
0.516069
0.431301
0.523220
0.461379
0.418589
0.430269
0.499493
0.505610
0.503167
0.504970
0.502615
0.487612
0.524678
0.419250
0.558143
0.440770
0.452900
0.554179
0.525858
0.473891
0.553910
0.526175
0.544359
0.524593
0.538144
0.490617
0.501498
0.443676
0.572660
0.532099
0.438446
0.492376
0.447731
0.447892
0.528386
0.517286
0.476356
0.461030
0.466505
0.491510
0.479437
0.497850
0.383804
0.529687
0.392134
0.530772
Case #12:
0.599495
0.594416
0.453109
0.529194
0.419968
0.328640
0.398098
0.584948
0.537115
0.581702
0.468613
0.432883
0.547155
0.481267
0.454832
0.551181
0.441809
0.618322
0.522494
0.531201
0.532082
0.483042
0.367842
0.506499
0.498532
0.565337
0.534670
0.542155
0.422762
0.534591
0.517731
0.362948
0.473904
0.488472
0.517882
0.518926
0.570666
0.438952
0.518127
0.432749
0.383293
0.438287
0.452079
Case #13:
0.501854
0.542325
0.429126
0.571314
0.486922
0.523571
0.511565
0.591529
0.513416
0.508641
0.465092
0.499865
0.520924
0.462240
0.527177
0.529353
0.543370
0.543234
0.487135
0.450450
0.535545
0.535025
0.465238
0.471065
0.501581
0.516493
0.488761
0.494910
0.377174
0.466175
0.418240
0.413478
0.541116
0.467619
0.475697
0.540908
0.418209
0.568015
0.493807
0.511203
0.512859
0.479182
0.514709
0.518115
0.495902
0.538955
0.499911
0.489547
0.450664
0.498803
0.510688
0.492651
0.501268
0.570457
0.470924
0.473579
0.474607
0.509716
0.469694
0.519367
0.508143
0.489231
0.497669
0.527853
0.548237
0.420534
0.524008
0.438155
0.523346
0.477769
0.533157
0.556067
Case #14:
0.449900
0.496507
0.513806
0.520254
0.554690
0.368493
0.523764
0.537746
0.489035
0.517385
0.530826
Case #15:
0.500000
0.500000
0.500000
0.500000
0.500000
0.500000
0.500000
0.500000
0.500000
0.500000
0.500000
0.500000
0.500000
0.500000
0.500000
0.500000
0.500000
0.500000
0.500000
0.500000
0.500000
0.500000
0.500000
0.500000
0.500000
0.500000
0.500000
0.500000
0.500000
0.500000
0.500000
0.500000
0.500000
0.500000
0.500000
0.500000
0.500000
0.500000
0.500000
0.500000
0.500000
0.500000
0.500000
0.500000
0.500000
0.500000
0.500000
0.500000
0.500000
0.500000
0.500000
0.500000
0.500000
0.500000
0.500000
0.500000
0.500000
0.500000
0.500000
0.500000
0.500000
0.500000
0.500000
0.500000
0.500000
0.500000
0.500000
0.500000
0.500000
0.500000
0.500000
0.500000
0.500000
0.500000
0.500000
0.500000
0.500000
0.500000
0.500000
0.500000
0.500000
0.500000
0.500000
0.500000
0.500000
0.500000
0.500000
0.500000
0.500000
0.500000
0.500000
0.500000
0.500000
0.500000
0.500000
0.500000
0.500000
0.500000
0.500000
Case #16:
0.494114
0.508851
0.539935
0.506881
0.523266
0.403266
0.561372
0.490715
0.510903
0.397151
0.499574
0.389164
0.520360
0.434440
0.560101
0.548982
0.517795
0.523170
0.444064
0.488039
0.483286
0.505767
0.491698
0.552968
0.521019
0.524636
0.557238
0.572627
0.525668
0.501025
0.481141
0.505753
0.493812
0.538530
0.447641
0.596745
0.508787
0.497413
0.533140
0.460322
0.508374
0.421247
0.423086
Case #17:
0.499020
0.522537
0.500115
0.562519
0.539430
0.494428
0.514240
0.412162
0.392016
0.491470
0.554730
0.376775
0.524876
0.389672
0.462286
0.496754
0.551866
0.524390
0.533633
0.524938
0.515161
0.482042
0.490624
0.531133
0.492917
0.511075
0.443583
0.490235
0.404121
0.505223
0.538086
0.536276
0.505079
0.544341
0.457393
0.548014
0.417104
0.522779
0.554066
0.547845
0.537815
0.530385
0.498479
0.533795
0.482133
0.542632
0.471464
0.547468
0.496058
0.528893
0.453089
0.556770
0.460977
0.433140
0.503278
0.491448
0.431346
0.580881
0.474953
0.432420
0.534628
0.511670
0.446269
0.528477
0.428309
0.523871
0.537458
0.523893
0.523606
0.553059
0.463032
0.473757
0.562401
0.474560
Case #18:
0.687500
0.687500
0.312500
0.312500
Case #19:
0.536661
0.532450
0.497976
0.519140
0.531152
0.494736
0.453871
0.494383
0.477900
0.543875
0.520996
0.566002
0.448295
0.443106
0.484772
0.588283
0.472511
0.389794
0.492826
0.626026
0.491223
0.406712
0.452430
0.483179
0.540158
0.513713
0.480815
0.540361
0.434027
0.468271
0.546974
0.529475
0.543825
0.487965
0.497404
0.479531
0.528056
0.556187
0.469046
0.560130
0.448029
0.407984
0.463939
0.541409
0.533522
0.476876
0.534617
0.468490
0.565772
0.508648
0.486151
0.474542
0.505808
Case #20:
0.304688
0.662500
0.375000
0.916667
0.559028
0.738889
0.611111
0.602431
0.762778
0.833333
0.893750
0.537500
0.500000
0.125000
0.660417
0.481250
0.354167
0.365741
0.423611
0.505208
0.373889
0.518750
0.354167
0.648611
0.897569
0.611111
0.580556
0.473958
0.322917
0.413194
0.546875
0.552083
0.743056
0.562500
0.291667
0.531250
0.489583
0.534722
0.187500
0.504167
0.333333
0.366667
0.718750
0.229167
0.256250
0.854167
0.458333
0.595833
0.291667
0.395833
0.819444
0.520833
0.416667
0.304167
0.302083
0.375000
0.395833
0.191667
0.661458
0.489583
0.452778
0.483333
0.493056
0.686632
0.416667
0.791667
0.431250
0.770833
0.683472
0.937500
0.500000
0.322917
0.166667
0.329167
0.370833
0.369792
0.376389
0.555556
0.462500
0.440278
0.637500
0.458333
0.373194
0.710417
0.526042
0.281250
0.564484
0.229167
0.165000
0.750000
0.463542
0.168333
0.770833
0.427083
0.281250
0.416667
0.689583
0.745833
0.413889
0.573611
